==24274== Memcheck, a memory error detector
==24274== Copyright (C) 2002-2012, and GNU GPL'd, by Julian Seward et al.
==24274== Using Valgrind-3.8.1 and LibVEX; rerun with -h for copyright info
==24274== Command: ./spellchk -n -d user.dict test3.in
==24274== 
test3.in: 3: Eye
test3.in: 3: halve
test3.in: 3: a
test3.in: 3: spelling
test3.in: 3: chequer
test3.in: 4: It
test3.in: 4: came
test3.in: 4: with
test3.in: 4: my
test3.in: 4: pea
test3.in: 4: sea
test3.in: 5: It
test3.in: 5: plainly
test3.in: 5: marques
test3.in: 5: four
test3.in: 5: my
test3.in: 5: revue
test3.in: 6: Miss
test3.in: 6: steaks
test3.in: 6: eye
test3.in: 6: kin
test3.in: 6: knot
test3.in: 6: sea
test3.in: 8: Eye
test3.in: 8: strike
test3.in: 8: a
test3.in: 8: quay
test3.in: 8: and
test3.in: 8: type
test3.in: 8: a
test3.in: 8: word
test3.in: 9: And
test3.in: 9: weight
test3.in: 9: four
test3.in: 9: it
test3.in: 9: two
test3.in: 9: say
test3.in: 10: Weather
test3.in: 10: eye
test3.in: 10: am
test3.in: 10: wrong
test3.in: 10: oar
test3.in: 10: rite
test3.in: 11: It
test3.in: 11: shows
test3.in: 11: me
test3.in: 11: strait
test3.in: 11: a
test3.in: 11: weigh
test3.in: 13: As
test3.in: 13: soon
test3.in: 13: as
test3.in: 13: a
test3.in: 13: mist
test3.in: 13: ache
test3.in: 13: is
test3.in: 13: maid
test3.in: 14: It
test3.in: 14: nose
test3.in: 14: bee
test3.in: 14: fore
test3.in: 14: two
test3.in: 14: long
test3.in: 15: And
test3.in: 15: eye
test3.in: 15: can
test3.in: 15: put
test3.in: 15: the
test3.in: 15: error
test3.in: 15: rite
test3.in: 16: Its
test3.in: 16: rare
test3.in: 16: lea
test3.in: 16: ever
test3.in: 16: wrong
test3.in: 18: Eye
test3.in: 18: have
test3.in: 18: run
test3.in: 18: this
test3.in: 18: poem
test3.in: 18: threw
test3.in: 18: it
test3.in: 19: Eye
test3.in: 19: am
test3.in: 19: shore
test3.in: 19: your
test3.in: 19: pleased
test3.in: 19: two
test3.in: 19: no
test3.in: 20: Its
test3.in: 20: letter
test3.in: 20: perfect
test3.in: 20: all
test3.in: 20: the
test3.in: 20: weigh
test3.in: 21: My
test3.in: 21: chequer
test3.in: 21: tolled
test3.in: 21: me
test3.in: 21: sew
test3.in: 23: This
test3.in: 23: word
test3.in: 23: fooffoooofoo
test3.in: 23: is
test3.in: 23: misspelled
test3.in: 23: but
test3.in: 23: in
test3.in: 23: the
test3.in: 23: user.dict
test3.in: 24: Id
test3.in: 24: test3.in
test3.in: 24: v
==24274== 
==24274== HEAP SUMMARY:
==24274==     in use at exit: 1,252 bytes in 115 blocks
==24274==   total heap usage: 231 allocs, 116 frees, 18,818 bytes allocated
==24274== 
==24274== 144 (24 direct, 120 indirect) bytes in 1 blocks are definitely lost in loss record 2 of 4
==24274==    at 0x4A06A2E: malloc (in /opt/rh/devtoolset-2/root/usr/lib64/valgrind/vgpreload_memcheck-amd64-linux.so)
==24274==    by 0x401141: new_hashset (hashset.c:29)
==24274==    by 0x401D46: main (spellchk.c:125)
==24274== 
==24274== LEAK SUMMARY:
==24274==    definitely lost: 24 bytes in 1 blocks
==24274==    indirectly lost: 120 bytes in 1 blocks
==24274==      possibly lost: 0 bytes in 0 blocks
==24274==    still reachable: 1,108 bytes in 113 blocks
==24274==         suppressed: 0 bytes in 0 blocks
==24274== Reachable blocks (those to which a pointer was found) are not shown.
==24274== To see them, rerun with: --leak-check=full --show-reachable=yes
==24274== 
==24274== For counts of detected and suppressed errors, rerun with: -v
==24274== ERROR SUMMARY: 1 errors from 1 contexts (suppressed: 6 from 6)
